


ARM Macro Assembler    Page 1 


    1 00000000                 AREA             ARMex, CODE, READONLY
    2 00000000                 ENTRY
    3 00000000         start
    4 00000000 E3A0000B        MOV              r0,#11
    5 00000004 E3A0100D        MOV              r1,#13
    6 00000008 E3A0200F        MOV              r2,#15
    7 0000000C E3A03011        MOV              r3,#17
    8 00000010 E3A04013        MOV              r4,#19
    9 00000014 E3A05015        MOV              r5,#21
   10 00000018 E3A06017        MOV              r6,#23
   11 0000001C E3A07019        MOV              r7,#25
   12 00000020 E3A0801B        MOV              r8,#27
   13 00000024 E3A0901D        MOV              r9,#29
   14 00000028         
   15 00000028 E080A001        ADD              r10,r0,r1
   16 0000002C E08AA002        ADD              r10,r10,r2
   17 00000030 E08AA003        ADD              r10,r10,r3
   18 00000034 E08AA004        ADD              r10,r10,r4
   19 00000038 E08AA005        ADD              r10,r10,r5
   20 0000003C E08AA006        ADD              r10,r10,r6
   21 00000040 E08AA007        ADD              r10,r10,r7
   22 00000044 E08AA008        ADD              r10,r10,r8
   23 00000048 E08AA009        ADD              r10,r10,r9
   24 0000004C         
   25 0000004C         Endline
   26 0000004C E1A0F00E        MOV              pc,lr
   27 00000050         
   28 00000050                 END
Command Line: --debug --xref --diag_suppress=9931 --cpu=ARM9E --apcs=interwork 
--depend=.\objects\problem3_3.d -o.\objects\problem3_3.o -IC:\Keil_v5\ARM\RV31\
INC -IC:\Keil_v5\ARM\CMSIS\Include --predefine="__EVAL SETA 1" --predefine="__U
VISION_VERSION SETA 525" --list=.\listings\problem3_3.lst problem3_3.s



ARM Macro Assembler    Page 1 Alphabetic symbol ordering
Relocatable symbols

ARMex 00000000

Symbol: ARMex
   Definitions
      At line 1 in file problem3_3.s
   Uses
      None
Comment: ARMex unused
Endline 0000004C

Symbol: Endline
   Definitions
      At line 25 in file problem3_3.s
   Uses
      None
Comment: Endline unused
start 00000000

Symbol: start
   Definitions
      At line 3 in file problem3_3.s
   Uses
      None
Comment: start unused
3 symbols
335 symbols in table
