


ARM Macro Assembler    Page 1 


    1 00000000                 AREA             ARMex, CODE, READONLY
    2 00000000                 ENTRY
    3 00000000         start
    4 00000000 E59F004C        LDR              r0, =Valuel
    5 00000004 E59F1044        LDR              r1, Addressl
    6 00000008 E3A0600A        MOV              r6, #10
    7 0000000C         
    8 0000000C         Loop
    9 0000000C E4902004        LDR              r2, [r0], #4
   10 00000010 E4412001        STRB             r2, [r1], #-1
   11 00000014         
   12 00000014 E2855001        ADD              r5,r5,#1
   13 00000018 E1550006        CMP              r5,r6
   14 0000001C 0A000000        BEQ              Endline
   15 00000020 EAFFFFF9        B                Loop
   16 00000024         
   17 00000024         Endline
   18 00000024 E1A0F00E        MOV              pc,lr
   19 00000028         
   20 00000028 0000000A 
              00000009 
              00000008 
              00000007 
              00000006 
              00000005 
              00000004 
              00000003 
              00000002 
              00000001 Valuel  DCD              10,9,8,7,6,5,4,3,2,1
   21 00000050         
   22 00000050 00004009 
                       Addressl
                               DCD              &00004009
   23 00000054                 END
              00000000 
Command Line: --debug --xref --diag_suppress=9931 --cpu=ARM9E --apcs=interwork 
--depend=.\objects\problem2.d -o.\objects\problem2.o -IC:\Keil_v5\ARM\RV31\INC 
-IC:\Keil_v5\ARM\CMSIS\Include --predefine="__EVAL SETA 1" --predefine="__UVISI
ON_VERSION SETA 525" --list=.\listings\problem2.lst problem2.s



ARM Macro Assembler    Page 1 Alphabetic symbol ordering
Relocatable symbols

ARMex 00000000

Symbol: ARMex
   Definitions
      At line 1 in file problem2.s
   Uses
      None
Comment: ARMex unused
Addressl 00000050

Symbol: Addressl
   Definitions
      At line 22 in file problem2.s
   Uses
      At line 5 in file problem2.s
Comment: Addressl used once
Endline 00000024

Symbol: Endline
   Definitions
      At line 17 in file problem2.s
   Uses
      At line 14 in file problem2.s
Comment: Endline used once
Loop 0000000C

Symbol: Loop
   Definitions
      At line 8 in file problem2.s
   Uses
      At line 15 in file problem2.s
Comment: Loop used once
Valuel 00000028

Symbol: Valuel
   Definitions
      At line 20 in file problem2.s
   Uses
      At line 4 in file problem2.s
Comment: Valuel used once
start 00000000

Symbol: start
   Definitions
      At line 3 in file problem2.s
   Uses
      None
Comment: start unused
6 symbols
340 symbols in table
