


ARM Macro Assembler    Page 1 


    1 00000000                 AREA             ARMex, CODE, READONLY
    2 00000000                 ENTRY
    3 00000000         start
    4 00000000 E3A00000        MOV              r0, #0
    5 00000004 E3A01001        MOV              r1, #1
    6 00000008 E3A02002        MOV              r2, #2
    7 0000000C E3A03003        MOV              r3, #3
    8 00000010 E3A04004        MOV              r4, #4
    9 00000014 E3A05005        MOV              r5, #5
   10 00000018 E3A06006        MOV              r6, #6
   11 0000001C E3A07007        MOV              r7, #7
   12 00000020         
   13 00000020 E92D00FF        STMFD            sp!, {r0-r7}
   14 00000024         
   15 00000024 E8BD0002        LDMFD            sp!, {r1}
   16 00000028 E8BD0040        LDMFD            sp!, {r6}
   17 0000002C E8BD0001        LDMFD            sp!, {r0}
   18 00000030 E8BD0004        LDMFD            sp!, {r2}
   19 00000034 E8BD0080        LDMFD            sp!, {r7}
   20 00000038 E8BD0038        LDMFD            sp!, {r3-r5}
   21 0000003C         
   22 0000003C E1A0F00E        MOV              pc, lr
   23 00000040         
   24 00000040                 END
Command Line: --debug --xref --diag_suppress=9931 --cpu=ARM9E --apcs=interwork 
--depend=.\objects\problem1.d -o.\objects\problem1.o -IC:\Keil_v5\ARM\RV31\INC 
-IC:\Keil_v5\ARM\CMSIS\Include --predefine="__EVAL SETA 1" --predefine="__UVISI
ON_VERSION SETA 525" --list=.\listings\problem1.lst problem1.s



ARM Macro Assembler    Page 1 Alphabetic symbol ordering
Relocatable symbols

ARMex 00000000

Symbol: ARMex
   Definitions
      At line 1 in file problem1.s
   Uses
      None
Comment: ARMex unused
start 00000000

Symbol: start
   Definitions
      At line 3 in file problem1.s
   Uses
      None
Comment: start unused
2 symbols
334 symbols in table
