


ARM Macro Assembler    Page 1 


    1 00000000                 AREA             ARMex, CODE, READONLY
    2 00000000                 ENTRY
    3 00000000         start
    4 00000000 E59FD0C4        LDR              sp, TEMPADDR1
    5 00000004         
    6 00000004 E3A0000A        MOV              r0, #10
    7 00000008 E3A0100B        MOV              r1, #11
    8 0000000C E3A0200C        MOV              r2, #12
    9 00000010 E3A0300D        MOV              r3, #13
   10 00000014 E3A0400E        MOV              r4, #14
   11 00000018 E3A0500F        MOV              r5, #15
   12 0000001C E3A06010        MOV              r6, #16
   13 00000020 E3A07011        MOV              r7, #17
   14 00000024         
   15 00000024 E8AD00FF        STMEA            sp!, {r0-r7}
   16 00000028         
   17 00000028 E3A090A0        MOV              r9,#160
   18 0000002C         
   19 0000002C         doRegister
   20 0000002C E2800000        ADD              r0, r0, #0
   21 00000030 E2811001        ADD              r1, r1, #1
   22 00000034 E2822002        ADD              r2, r2, #2
   23 00000038 E2833003        ADD              r3, r3, #3
   24 0000003C E2844004        ADD              r4, r4, #4
   25 00000040 E2855005        ADD              r5, r5, #5
   26 00000044 E2866006        ADD              r6, r6, #6
   27 00000048 E2877007        ADD              r7, r7, #7
   28 0000004C         
   29 0000004C E0888000        ADD              r8,r8,r0
   30 00000050 E0888001        ADD              r8,r8,r1
   31 00000054 E0888002        ADD              r8,r8,r2
   32 00000058 E0888003        ADD              r8,r8,r3
   33 0000005C E0888004        ADD              r8,r8,r4
   34 00000060 E0888005        ADD              r8,r8,r5
   35 00000064 E0888006        ADD              r8,r8,r6
   36 00000068 E0888007        ADD              r8,r8,r7
   37 0000006C         
   38 0000006C         doGCD
   39 0000006C E1580009        CMP              r8, r9
   40 00000070 C0488009        SUBGT            r8,r8,r9
   41 00000074 B0499008        SUBLT            r9,r9,r8
   42 00000078 0A000000        BEQ              saveToStack
   43 0000007C EAFFFFFA        B                doGCD
   44 00000080         
   45 00000080         saveToStack
   46 00000080 E93D0400        LDMEA            sp!, {r10}
   47 00000084 E087700A        ADD              r7, r7, r10
   48 00000088 E93D0400        LDMEA            sp!, {r10}
   49 0000008C E086600A        ADD              r6, r6, r10
   50 00000090 E93D0400        LDMEA            sp!, {r10}
   51 00000094 E085500A        ADD              r5, r5, r10
   52 00000098 E93D0400        LDMEA            sp!, {r10}
   53 0000009C E084400A        ADD              r4, r4, r10
   54 000000A0 E93D0400        LDMEA            sp!, {r10}
   55 000000A4 E083300A        ADD              r3, r3, r10
   56 000000A8 E93D0400        LDMEA            sp!, {r10}
   57 000000AC E082200A        ADD              r2, r2, r10
   58 000000B0 E93D0400        LDMEA            sp!, {r10}
   59 000000B4 E081100A        ADD              r1, r1, r10



ARM Macro Assembler    Page 2 


   60 000000B8 E93D0400        LDMEA            sp!, {r10}
   61 000000BC E080000A        ADD              r0, r0, r10
   62 000000C0         
   63 000000C0 E8AD0100        STMEA            sp!, {r8}
   64 000000C4 E8AD00FF        STMEA            sp!, {r0-r7}
   65 000000C8         
   66 000000C8         endLine
   67 000000C8 E1A0F00E        MOV              pc, lr
   68 000000CC 00040000 
                       TEMPADDR1
                               &                &40000
   69 000000D0                 END
Command Line: --debug --xref --diag_suppress=9931 --cpu=ARM9E --apcs=interwork 
--depend=.\objects\problem2.d -o.\objects\problem2.o -IC:\Keil_v5\ARM\RV31\INC 
-IC:\Keil_v5\ARM\CMSIS\Include --predefine="__EVAL SETA 1" --predefine="__UVISI
ON_VERSION SETA 525" --list=.\listings\problem2.lst problem2.s



ARM Macro Assembler    Page 1 Alphabetic symbol ordering
Relocatable symbols

ARMex 00000000

Symbol: ARMex
   Definitions
      At line 1 in file problem2.s
   Uses
      None
Comment: ARMex unused
TEMPADDR1 000000CC

Symbol: TEMPADDR1
   Definitions
      At line 68 in file problem2.s
   Uses
      At line 4 in file problem2.s
Comment: TEMPADDR1 used once
doGCD 0000006C

Symbol: doGCD
   Definitions
      At line 38 in file problem2.s
   Uses
      At line 43 in file problem2.s
Comment: doGCD used once
doRegister 0000002C

Symbol: doRegister
   Definitions
      At line 19 in file problem2.s
   Uses
      None
Comment: doRegister unused
endLine 000000C8

Symbol: endLine
   Definitions
      At line 66 in file problem2.s
   Uses
      None
Comment: endLine unused
saveToStack 00000080

Symbol: saveToStack
   Definitions
      At line 45 in file problem2.s
   Uses
      At line 42 in file problem2.s
Comment: saveToStack used once
start 00000000

Symbol: start
   Definitions
      At line 3 in file problem2.s
   Uses
      None
Comment: start unused
7 symbols
339 symbols in table
