


ARM Macro Assembler    Page 1 


    1 00000000                 AREA             ARMex, CODE, READONLY
    2 00000000                 ENTRY
    3 00000000         start
    4 00000000 E59F0050        ldr              r0, tempaddr
    5 00000004 E3A01001        mov              r1, #1
    6 00000008 E3A02002        mov              r2, #2
    7 0000000C E3A03003        mov              r3, #3
    8 00000010 E3A04004        mov              r4, #4
    9 00000014 E3A05005        mov              r5, #5
   10 00000018 E3A06006        mov              r6, #6
   11 0000001C E3A07007        mov              r7, #7
   12 00000020 E3A08008        mov              r8, #8
   13 00000024 E3A09009        mov              r9, #9
   14 00000028 E3A0A00A        mov              r10, #10
   15 0000002C         
   16 0000002C E00B0291        mul              r11, r1, r2
   17 00000030 E00B0B93        mul              r11, r3, r11
   18 00000034 E00B0B94        mul              r11, r4, r11
   19 00000038 E00B0B95        mul              r11, r5, r11
   20 0000003C E00B0B96        mul              r11, r6, r11
   21 00000040 E00B0B97        mul              r11, r7, r11
   22 00000044 E00B0B98        mul              r11, r8, r11
   23 00000048 E00B0B99        mul              r11, r9, r11
   24 0000004C E00B0B9A        mul              r11, r10, r11
   25 00000050         
   26 00000050 E580B000        str              r11, [r0]
   27 00000054         
   28 00000054 E1A0F00E        mov              pc, lr
   29 00000058         
   30 00000058 00040000 
                       tempaddr
                               &                &40000
   31 0000005C         
   32 0000005C                 end
Command Line: --debug --xref --diag_suppress=9931 --cpu=ARM9E --apcs=interwork 
--depend=.\objects\problem2.d -o.\objects\problem2.o -IC:\Keil_v5\ARM\RV31\INC 
-IC:\Keil_v5\ARM\CMSIS\Include --predefine="__EVAL SETA 1" --predefine="__UVISI
ON_VERSION SETA 525" --list=.\listings\problem2.lst problem2.s



ARM Macro Assembler    Page 1 Alphabetic symbol ordering
Relocatable symbols

ARMex 00000000

Symbol: ARMex
   Definitions
      At line 1 in file problem2.s
   Uses
      None
Comment: ARMex unused
start 00000000

Symbol: start
   Definitions
      At line 3 in file problem2.s
   Uses
      None
Comment: start unused
tempaddr 00000058

Symbol: tempaddr
   Definitions
      At line 30 in file problem2.s
   Uses
      At line 4 in file problem2.s
Comment: tempaddr used once
3 symbols
335 symbols in table
