


ARM Macro Assembler    Page 1 


    1 00000000                 AREA             ARMex, CODE, READONLY
    2 00000000                 ENTRY
    3 00000000         
    4 00000000         start
    5 00000000 E59F0120        LDR              r0, TEMPADDR1 ;mem that store r
                                                            esult
    6 00000004         
    7 00000004 E59F1114        LDR              r1, float1
    8 00000008 E59F2114        LDR              r2, float2
    9 0000000C         
   10 0000000C E3510000        CMP              r1, #0
   11 00000010 0A00003D        BEQ              judgeOneZero1
   12 00000014         
   13 00000014 E3520000        CMP              r2, #0
   14 00000018 0A00003D        BEQ              judgeOneZero2
   15 0000001C         
   16 0000001C E3E0A4FF        MOV              r10, #0xFFFFFF
   17 00000020 E3A0B001        MOV              r11, #1
   18 00000024         
   19 00000024 E1A03FA1        MOV              r3, r1, LSR #31 ;S1
   20 00000028 E1A04FA2        MOV              r4, r2, LSR #31 ;S2
   21 0000002C         
   22 0000002C E1530004        CMP              r3, r4
   23 00000030 1A00002F        BNE              judgeZero
   24 00000034         Main
   25 00000034 E1A05081        MOV              r5, r1, LSL #1
   26 00000038 E1A05C25        MOV              r5, r5, LSR #24 ;E1
   27 0000003C         
   28 0000003C E1A06082        MOV              r6, r2, LSL #1
   29 00000040 E1A06C26        MOV              r6, r6, LSR #24 ;E2
   30 00000044         
   31 00000044 E1A07481        MOV              r7, r1, LSL #9
   32 00000048 E1A074A7        MOV              r7, r7, LSR #9
   33 0000004C E2877502        ADD              r7, r7, #0x800000 ;F1
   34 00000050         
   35 00000050 E1A08482        MOV              r8, r2, LSL #9
   36 00000054 E1A084A8        MOV              r8, r8, LSR #9
   37 00000058 E2888502        ADD              r8, r8, #0x800000 ;F2
   38 0000005C         
   39 0000005C E1560005        CMP              r6, r5
   40 00000060 C0469005        SUBGT            r9, r6, r5
   41 00000064 D0669005        RSBLE            r9, r6, r5  ;r9 = shift num
   42 00000068         
   43 00000068 C1A07937        MOVGT            r7, r7, LSR r9
   44 0000006C B1A08938        MOVLT            r8, r8, LSR r9
   45 00000070         
   46 00000070 E1530004        CMP              r3, r4
   47 00000074 0A000003        BEQ              equalSign
   48 00000078         
   49 00000078 E1570008        CMP              r7, r8
   50 0000007C C0477008        SUBGT            r7, r7, r8
   51 00000080 D0487007        SUBLE            r7, r8, r7
   52 00000084 EA000000        B                calExponent
   53 00000088         
   54 00000088         equalSign                            ;When S1 and S2 is 
                                                            same
   55 00000088 E0877008        ADD              r7, r7, r8
   56 0000008C         
   57 0000008C         calExponent



ARM Macro Assembler    Page 2 


   58 0000008C E157000A        CMP              r7, r10
   59 00000090 C1A070A7        MOVGT            r7, r7, LSR #1
   60 00000094 CA000003        BGT              calResult
   61 00000098 E24BB001        SUB              r11, r11, #1
   62 0000009C E1A0A0AA        MOV              r10, r10, LSR #1
   63 000000A0 E28CC001        ADD              r12, r12, #1
   64 000000A4 EAFFFFF8        B                calExponent
   65 000000A8         
   66 000000A8         calResult
   67 000000A8 E1A07C17        MOV              r7, r7, LSL r12
   68 000000AC E1550006        CMP              r5, r6
   69 000000B0 41A0C006        MOVMI            r12, r6
   70 000000B4 A1A0C005        MOVGE            r12, r5
   71 000000B8 E08B500C        ADD              r5, r11, r12
   72 000000BC         
   73 000000BC E1530004        CMP              r3, r4      ;compare two floati
                                                            ng points' sign bit
                                                            
   74 000000C0 11A01081        MOVNE            r1, r1, LSL #1
   75 000000C4 11A010A1        MOVNE            r1, r1, LSR #1
   76 000000C8 11A02082        MOVNE            r2, r2, LSL #1
   77 000000CC 11A020A2        MOVNE            r2, r2, LSR #1
   78 000000D0 E1510002        CMP              r1, r2
   79 000000D4 B1A03004        MOVLT            r3, r4
   80 000000D8         
   81 000000D8 E1A03F83        MOV              r3, r3, LSL #31 ;SR
   82 000000DC E1A05B85        MOV              r5, r5, LSL #23 ;ER
   83 000000E0 E1A07487        MOV              r7, r7, LSL #9
   84 000000E4 E1A074A7        MOV              r7, r7, LSR #9 ;FR
   85 000000E8         
   86 000000E8 E0838005        ADD              r8, r3, r5
   87 000000EC E0888007        ADD              r8, r8, r7
   88 000000F0 EA000008        B                endline
   89 000000F4         
   90 000000F4         judgeZero
   91 000000F4 E1A05081        MOV              r5, r1, LSL #1
   92 000000F8 E1A06082        MOV              r6, r2, LSL #1
   93 000000FC E1550006        CMP              r5, r6
   94 00000100 1AFFFFCB        BNE              Main
   95 00000104 03A08000        MOVEQ            r8, #0
   96 00000108 EA000002        B                endline
   97 0000010C         
   98 0000010C         judgeOneZero1
   99 0000010C E1A08002        MOV              r8, r2
  100 00000110 EA000000        B                endline
  101 00000114         
  102 00000114         judgeOneZero2
  103 00000114 E1A08001        MOV              r8, r1
  104 00000118         
  105 00000118         endline
  106 00000118 E5808000        STR              r8, [r0]
  107 0000011C E1A0F00E        MOV              pc, lr
  108 00000120         
  109 00000120 42DC0000 
                       float1  DCD              2_01000010110111000000000000000
000
  110 00000124 40500000 
                       float2  DCD              0x40500000
  111 00000128 40000000 



ARM Macro Assembler    Page 3 


                       TEMPADDR1
                               &                &40000000
  112 0000012C 00004000 
                       TEMPADDR2
                               &                &4000
  113 00000130                 END
Command Line: --debug --xref --diag_suppress=9931 --cpu=ARM9E --apcs=interwork 
--depend=.\objects\problem1.d -o.\objects\problem1.o -IC:\Keil_v5\ARM\RV31\INC 
-IC:\Keil_v5\ARM\CMSIS\Include --predefine="__EVAL SETA 1" --predefine="__UVISI
ON_VERSION SETA 525" --list=.\listings\problem1.lst problem1.s



ARM Macro Assembler    Page 1 Alphabetic symbol ordering
Relocatable symbols

ARMex 00000000

Symbol: ARMex
   Definitions
      At line 1 in file problem1.s
   Uses
      None
Comment: ARMex unused
Main 00000034

Symbol: Main
   Definitions
      At line 24 in file problem1.s
   Uses
      At line 94 in file problem1.s
Comment: Main used once
TEMPADDR1 00000128

Symbol: TEMPADDR1
   Definitions
      At line 111 in file problem1.s
   Uses
      At line 5 in file problem1.s
Comment: TEMPADDR1 used once
TEMPADDR2 0000012C

Symbol: TEMPADDR2
   Definitions
      At line 112 in file problem1.s
   Uses
      None
Comment: TEMPADDR2 unused
calExponent 0000008C

Symbol: calExponent
   Definitions
      At line 57 in file problem1.s
   Uses
      At line 52 in file problem1.s
      At line 64 in file problem1.s

calResult 000000A8

Symbol: calResult
   Definitions
      At line 66 in file problem1.s
   Uses
      At line 60 in file problem1.s
Comment: calResult used once
endline 00000118

Symbol: endline
   Definitions
      At line 105 in file problem1.s
   Uses
      At line 88 in file problem1.s
      At line 96 in file problem1.s
      At line 100 in file problem1.s




ARM Macro Assembler    Page 2 Alphabetic symbol ordering
Relocatable symbols

equalSign 00000088

Symbol: equalSign
   Definitions
      At line 54 in file problem1.s
   Uses
      At line 47 in file problem1.s
Comment: equalSign used once
float1 00000120

Symbol: float1
   Definitions
      At line 109 in file problem1.s
   Uses
      At line 7 in file problem1.s
Comment: float1 used once
float2 00000124

Symbol: float2
   Definitions
      At line 110 in file problem1.s
   Uses
      At line 8 in file problem1.s
Comment: float2 used once
judgeOneZero1 0000010C

Symbol: judgeOneZero1
   Definitions
      At line 98 in file problem1.s
   Uses
      At line 11 in file problem1.s
Comment: judgeOneZero1 used once
judgeOneZero2 00000114

Symbol: judgeOneZero2
   Definitions
      At line 102 in file problem1.s
   Uses
      At line 14 in file problem1.s
Comment: judgeOneZero2 used once
judgeZero 000000F4

Symbol: judgeZero
   Definitions
      At line 90 in file problem1.s
   Uses
      At line 23 in file problem1.s
Comment: judgeZero used once
start 00000000

Symbol: start
   Definitions
      At line 4 in file problem1.s
   Uses
      None
Comment: start unused
14 symbols
346 symbols in table
