


ARM Macro Assembler    Page 1 


    1 00000000                 AREA             ARMex,CODE,READONLY
    2 00000000                 ENTRY
    3 00000000         start
    4 00000000         
    5 00000000 E3A00001        MOV              r0, #1
    6 00000004 E3A01002        MOV              r1, #2
    7 00000008 E3A02003        MOV              r2, #3
    8 0000000C E3A03004        MOV              r3, #4
    9 00000010         
   10 00000010 E59F4028        LDR              r4, TEMPADDR1
   11 00000014         
   12 00000014 E5C40000        STRB             r0, [r4]
   13 00000018 E5C41001        STRB             r1, [r4,#1]
   14 0000001C E5C42002        STRB             r2, [r4,#2]
   15 00000020 E5C43003        STRB             r3, [r4,#3]
   16 00000024         
   17 00000024 E5945000        LDR              r5, [r4]
   18 00000028         
   19 00000028 E59F4014        LDR              r4, TEMPADDR2
   20 0000002C         
   21 0000002C E5C43000        STRB             r3, [r4]
   22 00000030 E5C42001        STRB             r2, [r4,#1]
   23 00000034 E5C41002        STRB             r1, [r4,#2]
   24 00000038 E5C40003        STRB             r0, [r4,#3]
   25 0000003C         
   26 0000003C E5946000        LDR              r6, [r4]
   27 00000040         
   28 00000040 00001000 
                       TEMPADDR1
                               &                &00001000
   29 00000044 00001004 
                       TEMPADDR2
                               &                &00001004
   30 00000048         
   31 00000048 E1A0F00E        MOV              pc, lr
   32 0000004C         
   33 0000004C         END
                       
Command Line: --debug --xref --diag_suppress=9931 --cpu=ARM9E --apcs=interwork 
--depend=.\objects\problem2.d -o.\objects\problem2.o -IC:\Keil_v5\ARM\RV31\INC 
-IC:\Keil_v5\ARM\CMSIS\Include --predefine="__EVAL SETA 1" --predefine="__UVISI
ON_VERSION SETA 525" --list=.\listings\problem2.lst problem2.s



ARM Macro Assembler    Page 1 Alphabetic symbol ordering
Relocatable symbols

ARMex 00000000

Symbol: ARMex
   Definitions
      At line 1 in file problem2.s
   Uses
      None
Comment: ARMex unused
END 0000004C

Symbol: END
   Definitions
      At line 33 in file problem2.s
   Uses
      None
Comment: END unused
TEMPADDR1 00000040

Symbol: TEMPADDR1
   Definitions
      At line 28 in file problem2.s
   Uses
      At line 10 in file problem2.s
Comment: TEMPADDR1 used once
TEMPADDR2 00000044

Symbol: TEMPADDR2
   Definitions
      At line 29 in file problem2.s
   Uses
      At line 19 in file problem2.s
Comment: TEMPADDR2 used once
start 00000000

Symbol: start
   Definitions
      At line 3 in file problem2.s
   Uses
      None
Comment: start unused
5 symbols
337 symbols in table
