


ARM Macro Assembler    Page 1 


    1 00000000                 AREA             ARMex, CODE, READONLY
    2 00000000                 ENTRY
    3 00000000         Main
    4 00000000 E28F0040        ADR              r0, C_string1
    5 00000004 E28F1042        ADR              r1, C_string2
    6 00000008 E59F4044        LDR              r4, TEMPADDR1
    7 0000000C E3A08005        MOV              r8,#5       ;length of string
    8 00000010         
    9 00000010         Loop
   10 00000010 E4D05001        LDRB             r5, [r0], #1
   11 00000014 E4D16001        LDRB             r6, [r1], #1
   12 00000018 E1550006        CMP              r5, r6
   13 0000001C         
   14 0000001C 1A000000        BNE              Different
   15 00000020 0A000002        BEQ              CalLoop
   16 00000024         
   17 00000024         Different                            ;when r5 and r6 are
                                                             different, do
   18 00000024 13A0300B        MOVNE            r3,#0x0B
   19 00000028 E5C43000        STRB             r3,[r4]
   20 0000002C EA000009        B                Endline
   21 00000030         
   22 00000030         CalLoop                              ;when r5 and r6 are
                                                             same, check that a
                                                            ll of word are comp
                                                            ared
   23 00000030 E2877001        ADD              r7,r7,#1
   24 00000034 E1580007        CMP              r8,r7
   25 00000038 0A000000        BEQ              Finish
   26 0000003C 1AFFFFF3        BNE              Loop
   27 00000040         
   28 00000040         Finish                               ;if all of word are
                                                             same
   29 00000040 E3A0300A        MOV              r3,#0x0A
   30 00000044 E5C43000        STRB             r3,[r4]
   31 00000048         
   32 00000048         C_string1
   33 00000048 48 65 6C 
              6C 6F 00         DCB              "Hello",0
   34 0000004E         
   35 0000004E         C_string2
   36 0000004E 48 65 6C 
              6C 65 00         DCB              "Helle",0
   37 00000054         
   38 00000054 00004000 
                       TEMPADDR1
                               &                &00004000
   39 00000058         
   40 00000058         Endline
   41 00000058 E1A0F00E        MOV              pc,lr
   42 0000005C         
   43 0000005C                 END
Command Line: --debug --xref --diag_suppress=9931 --cpu=ARM9E --apcs=interwork 
--depend=.\objects\problem1.d -o.\objects\problem1.o -IC:\Keil_v5\ARM\RV31\INC 
-IC:\Keil_v5\ARM\CMSIS\Include --predefine="__EVAL SETA 1" --predefine="__UVISI
ON_VERSION SETA 525" --list=.\listings\problem1.lst problem1.s



ARM Macro Assembler    Page 1 Alphabetic symbol ordering
Relocatable symbols

ARMex 00000000

Symbol: ARMex
   Definitions
      At line 1 in file problem1.s
   Uses
      None
Comment: ARMex unused
C_string1 00000048

Symbol: C_string1
   Definitions
      At line 32 in file problem1.s
   Uses
      At line 4 in file problem1.s
Comment: C_string1 used once
C_string2 0000004E

Symbol: C_string2
   Definitions
      At line 35 in file problem1.s
   Uses
      At line 5 in file problem1.s
Comment: C_string2 used once
CalLoop 00000030

Symbol: CalLoop
   Definitions
      At line 22 in file problem1.s
   Uses
      At line 15 in file problem1.s
Comment: CalLoop used once
Different 00000024

Symbol: Different
   Definitions
      At line 17 in file problem1.s
   Uses
      At line 14 in file problem1.s
Comment: Different used once
Endline 00000058

Symbol: Endline
   Definitions
      At line 40 in file problem1.s
   Uses
      At line 20 in file problem1.s
Comment: Endline used once
Finish 00000040

Symbol: Finish
   Definitions
      At line 28 in file problem1.s
   Uses
      At line 25 in file problem1.s
Comment: Finish used once
Loop 00000010

Symbol: Loop



ARM Macro Assembler    Page 2 Alphabetic symbol ordering
Relocatable symbols

   Definitions
      At line 9 in file problem1.s
   Uses
      At line 26 in file problem1.s
Comment: Loop used once
Main 00000000

Symbol: Main
   Definitions
      At line 3 in file problem1.s
   Uses
      None
Comment: Main unused
TEMPADDR1 00000054

Symbol: TEMPADDR1
   Definitions
      At line 38 in file problem1.s
   Uses
      At line 6 in file problem1.s
Comment: TEMPADDR1 used once
10 symbols
342 symbols in table
