


ARM Macro Assembler    Page 1 


    1 00000000                 AREA             ARMex, CODE, READONLY
    2 00000000                 ENTRY
    3 00000000         start
    4 00000000 E59F0028        LDR              r0, TEMPADDR1
    5 00000004 E59F1028        LDR              r1, TEMPADDR2
    6 00000008 E59F2028        LDR              r2, TEMPADDR3
    7 0000000C         
    8 0000000C E3A0600A        MOV              r6, #0x0A
    9 00000010 E3A07001        MOV              r7, #0x01
   10 00000014 E3A080FF        MOV              r8, #0xFF
   11 00000018         
   12 00000018 E5C06000        STRB             r6, [r0]
   13 0000001C E5C17000        STRB             r7, [r1]
   14 00000020 E5C28000        STRB             r8, [r2]
   15 00000024         
   16 00000024 E5D00000        LDRB             r0, [r0]
   17 00000028 E5D11000        LDRB             r1, [r1]
   18 0000002C E5D22000        LDRB             r2, [r2]
   19 00000030         
   20 00000030 00001000 
                       TEMPADDR1
                               &                &00001000
   21 00000034 00001001 
                       TEMPADDR2
                               &                &00001001
   22 00000038 00001002 
                       TEMPADDR3
                               &                &00001002
   23 0000003C         
   24 0000003C E356000A        CMP              r6, #0x0A
   25 00000040 C3A05001        MOVGT            r5, #1
   26 00000044 43A05002        MOVMI            r5, #2
   27 00000048 03A05003        MOVEQ            r5, #3
   28 0000004C         
   29 0000004C E357000A        CMP              r7, #0x0A
   30 00000050 C3A05001        MOVGT            r5, #1
   31 00000054 43A05002        MOVMI            r5, #2
   32 00000058 03A05003        MOVEQ            r5, #3
   33 0000005C         
   34 0000005C E358000A        CMP              r8, #0x0A
   35 00000060 C3A05001        MOVGT            r5, #1
   36 00000064 43A05002        MOVMI            r5, #2
   37 00000068 03A05003        MOVEQ            r5, #3
   38 0000006C         
   39 0000006C E1A0F00E        MOV              pc, lr
   40 00000070         END
                       
Command Line: --debug --xref --diag_suppress=9931 --cpu=ARM9E --apcs=interwork 
--depend=.\objects\problem1.d -o.\objects\problem1.o -IC:\Keil_v5\ARM\RV31\INC 
-IC:\Keil_v5\ARM\CMSIS\Include --predefine="__EVAL SETA 1" --predefine="__UVISI
ON_VERSION SETA 525" --list=.\listings\problem1.lst problem1.s



ARM Macro Assembler    Page 1 Alphabetic symbol ordering
Relocatable symbols

ARMex 00000000

Symbol: ARMex
   Definitions
      At line 1 in file problem1.s
   Uses
      None
Comment: ARMex unused
END 00000070

Symbol: END
   Definitions
      At line 40 in file problem1.s
   Uses
      None
Comment: END unused
TEMPADDR1 00000030

Symbol: TEMPADDR1
   Definitions
      At line 20 in file problem1.s
   Uses
      At line 4 in file problem1.s
Comment: TEMPADDR1 used once
TEMPADDR2 00000034

Symbol: TEMPADDR2
   Definitions
      At line 21 in file problem1.s
   Uses
      At line 5 in file problem1.s
Comment: TEMPADDR2 used once
TEMPADDR3 00000038

Symbol: TEMPADDR3
   Definitions
      At line 22 in file problem1.s
   Uses
      At line 6 in file problem1.s
Comment: TEMPADDR3 used once
start 00000000

Symbol: start
   Definitions
      At line 3 in file problem1.s
   Uses
      None
Comment: start unused
6 symbols
338 symbols in table
